{"entity_id": "V1", "action": "AVAILABLE -> IN_USE", "reason": "Rental started", "prev_checksum": "GENESIS", "checksum": "2721c3d587fe608e80288dc0773bc79b56b357863c83e79e95cf447ecf805bc3"}
{"entity_id": "V1", "action": "IN_USE -> AVAILABLE", "reason": "Rental ended. Cost: 5.01", "prev_checksum": "2721c3d587fe608e80288dc0773bc79b56b357863c83e79e95cf447ecf805bc3", "checksum": "032912fdf5b8a1d2954132643a316e3d6bad49104ddbb129eb58f55fe0ab9490"}
{"entity_id": "V1", "action": "AVAILABLE -> IN_USE", "reason": "Rental started", "prev_checksum": "032912fdf5b8a1d2954132643a316e3d6bad49104ddbb129eb58f55fe0ab9490", "checksum": "6d69e3153ed84c1153d5208dcc3d5160c5b253efa9e3307bac31a9512bbfe260"}
{"entity_id": "V1", "action": "IN_USE -> AVAILABLE", "reason": "Rental ended. Cost: 5.01", "prev_checksum": "6d69e3153ed84c1153d5208dcc3d5160c5b253efa9e3307bac31a9512bbfe260", "checksum": "76b8ba5094932fa67a14f8a19fb2bf6348b01c0fe4b63b552e046ea3d52b0d39"}
{"entity_id": "V1", "action": "AVAILABLE -> IN_USE", "reason": "Rental started", "prev_checksum": "76b8ba5094932fa67a14f8a19fb2bf6348b01c0fe4b63b552e046ea3d52b0d39", "checksum": "31741af6b30cde9a3e5f74185d1c6851bb6172825782eacf5631d031dbad6cf1"}
{"entity_id": "V1", "action": "AVAILABLE -> IN_USE", "reason": "Rental started", "prev_checksum": "31741af6b30cde9a3e5f74185d1c6851bb6172825782eacf5631d031dbad6cf1", "checksum": "9c9d3e32eb0de131df41880be156e7a58a442d817666f9dbb3c1f6d45ba62de0"}
{"entity_id": "V1", "action": "IN_USE -> AVAILABLE", "reason": "Rental ended. Cost: 5.01", "prev_checksum": "9c9d3e32eb0de131df41880be156e7a58a442d817666f9dbb3c1f6d45ba62de0", "checksum": "87776c377ba1d82a815716a31f5c061718bde9f17132fae5a1427cfa52bdbe72"}
{"entity_id": "V1", "action": "AVAILABLE -> IN_USE", "reason": "Rental started", "prev_checksum": "87776c377ba1d82a815716a31f5c061718bde9f17132fae5a1427cfa52bdbe72", "checksum": "7c87be8790d03f4cc269d0727c277d97df6fd50952a8fef1dbeb521752b39978"}
{"entity_id": "V1", "action": "IN_USE -> AVAILABLE", "reason": "Rental ended. Cost: 5.01", "prev_checksum": "7c87be8790d03f4cc269d0727c277d97df6fd50952a8fef1dbeb521752b39978", "checksum": "58a3bef28baa1943d0e9ad822e07e89244aa096b1cc0bb4f48b7323cd5827073"}
{"entity_id": "V-8190488a-94f6-4e94-848e-435b54f2fc6d", "action": "AVAILABLE -> IN_USE", "reason": "Rental started", "prev_checksum": "58a3bef28baa1943d0e9ad822e07e89244aa096b1cc0bb4f48b7323cd5827073", "checksum": "dc6b65b23e3b8aadca526a426e05bc8a1d0d9e4cd51ef9f05091f516117034f4"}
{"entity_id": "V-0af5da18-c857-435e-880f-839b4f72ecac", "action": "AVAILABLE -> IN_USE", "reason": "Rental started", "prev_checksum": "dc6b65b23e3b8aadca526a426e05bc8a1d0d9e4cd51ef9f05091f516117034f4", "checksum": "0644d93de12cb136a741c3070d0a80af0c4a411b0e2f6ebe7a9b3d5980f1fc5c"}
{"entity_id": "V-c2f54cff-4ffe-4c0d-986d-d53db5bc1324", "action": "AVAILABLE -> IN_USE", "reason": "Rental started", "prev_checksum": "0644d93de12cb136a741c3070d0a80af0c4a411b0e2f6ebe7a9b3d5980f1fc5c", "checksum": "0c93877317120a2a2b9d8a7eb3aafb1971eeee7577f69ad8744d2042a3e1c7e6"}
{"entity_id": "V-2bfe057b-6217-4687-88d2-59978e0e966b", "action": "AVAILABLE -> IN_USE", "reason": "Rental started", "prev_checksum": "0c93877317120a2a2b9d8a7eb3aafb1971eeee7577f69ad8744d2042a3e1c7e6", "checksum": "ab2269c7dad8a07f46cb785ad21ce4440e6e24369693a1528432f2928b73f272"}
{"entity_id": "V-c93729df-c162-45f4-815e-2c3c94b1a1e0", "action": "AVAILABLE -> IN_USE", "reason": "Rental started", "prev_checksum": "ab2269c7dad8a07f46cb785ad21ce4440e6e24369693a1528432f2928b73f272", "checksum": "6ec19f59d5d68d811ea9ba866ff0432f059c5afcfa9d2a0eda3f7546dc5b12ef"}
{"entity_id": "V-b581ee25-8980-4c6a-962e-776e92f089a7", "action": "AVAILABLE -> IN_USE", "reason": "Rental started", "prev_checksum": "6ec19f59d5d68d811ea9ba866ff0432f059c5afcfa9d2a0eda3f7546dc5b12ef", "checksum": "57b33d35b05b0126584b590ffc88480fa80b197cd9ce6744cd648502a400d701"}
{"entity_id": "V-a9825f52-75fd-42df-bc3f-986b32b596b7", "action": "AVAILABLE -> IN_USE", "reason": "Rental started", "prev_checksum": "57b33d35b05b0126584b590ffc88480fa80b197cd9ce6744cd648502a400d701", "checksum": "a8e7e5a605f069e683e15ab19b226d07183c3a4a4b78d073ac410104ede57c94"}
{"entity_id": "V-a7ccc2a8-d5d6-42c1-83d6-19aa5ba25fb9", "action": "AVAILABLE -> IN_USE", "reason": "Rental started", "prev_checksum": "a8e7e5a605f069e683e15ab19b226d07183c3a4a4b78d073ac410104ede57c94", "checksum": "b80182bcfbc1471daa1629332a9a0d128e16e998e166d65a382b6867ea8e19e0"}
{"entity_id": "V-68f85112-4fc5-4a21-af63-4c3319ef23be", "action": "AVAILABLE -> IN_USE", "reason": "Rental started", "prev_checksum": "b80182bcfbc1471daa1629332a9a0d128e16e998e166d65a382b6867ea8e19e0", "checksum": "75fffda7b54287a09a09e07bfe346bcc9623e372dfdf8b397add39b97164a882"}
{"entity_id": "V-b8ae9752-f36f-481a-80e5-476580f5a71c", "action": "AVAILABLE -> IN_USE", "reason": "Rental started", "prev_checksum": "75fffda7b54287a09a09e07bfe346bcc9623e372dfdf8b397add39b97164a882", "checksum": "621aa37183d07239c33d9e59a2605fc4d40881a3cb519c5339124c713dc093cc"}
{"entity_id": "V-7d91fa21-a8db-4ec2-96f6-b335bd78ee3c", "action": "AVAILABLE -> IN_USE", "reason": "Rental started", "prev_checksum": "621aa37183d07239c33d9e59a2605fc4d40881a3cb519c5339124c713dc093cc", "checksum": "f8e3473f4a556dc67642d368f2df5b148fb865df480603810b1f343f58bb75d5"}
{"entity_id": "V-0327efeb-326c-468e-9958-716e157928ac", "action": "AVAILABLE -> IN_USE", "reason": "Rental started", "prev_checksum": "f8e3473f4a556dc67642d368f2df5b148fb865df480603810b1f343f58bb75d5", "checksum": "1aba0a5bfcede816730db1de01828831d4a208212a31c182323338374568a940"}
{"entity_id": "V-29411821-419e-4626-aabf-e1c3ba3b895a", "action": "AVAILABLE -> IN_USE", "reason": "Rental started", "prev_checksum": "1aba0a5bfcede816730db1de01828831d4a208212a31c182323338374568a940", "checksum": "2fa6d1382bb6feb146ed44ecdb4da193b361c78f9e8e99488517531464034e6c"}
{"entity_id": "V-89196a83-dfb6-42e1-b412-9280ae02f41d", "action": "AVAILABLE -> IN_USE", "reason": "Rental started", "prev_checksum": "2fa6d1382bb6feb146ed44ecdb4da193b361c78f9e8e99488517531464034e6c", "checksum": "100dfacb16feabc498e74b32d47e8db895197329be192e1342b1f198b5a65ccb"}
{"entity_id": "V-e5857d8f-5169-4186-b98d-a1120a20d095", "action": "AVAILABLE -> IN_USE", "reason": "Rental started", "prev_checksum": "100dfacb16feabc498e74b32d47e8db895197329be192e1342b1f198b5a65ccb", "checksum": "8407badb11b1bc7a6abf193acd693c6f387333f8b197e7a4fc7e4a388ab8c47d"}
{"entity_id": "V-bb764f36-3553-45ca-b6fb-1af02eb5bd63", "action": "AVAILABLE -> IN_USE", "reason": "Rental started", "prev_checksum": "8407badb11b1bc7a6abf193acd693c6f387333f8b197e7a4fc7e4a388ab8c47d", "checksum": "f731c8ad79040c93b3368c4d553af63091cc5666a9be1b29a2cfc6855bd615c1"}
{"entity_id": "V-195318ab-9fd8-4176-9b99-01476bb253af", "action": "AVAILABLE -> IN_USE", "reason": "Rental started", "prev_checksum": "f731c8ad79040c93b3368c4d553af63091cc5666a9be1b29a2cfc6855bd615c1", "checksum": "7d72f652b4fe94733b1363d17c478632558106c2ab59468255b0c1b9e1dfca3a"}
{"entity_id": "V-b0050ee2-ae93-4291-80aa-c98d83d87331", "action": "AVAILABLE -> IN_USE", "reason": "Rental started", "prev_checksum": "7d72f652b4fe94733b1363d17c478632558106c2ab59468255b0c1b9e1dfca3a", "checksum": "a5f152433843ef2b77879aafde38e4342f70e1a981e426555abefebda0c19fa4"}
{"entity_id": "V-a4c74274-f777-4d30-a6ad-4f24411b2fba", "action": "AVAILABLE -> IN_USE", "reason": "Rental started", "prev_checksum": "a5f152433843ef2b77879aafde38e4342f70e1a981e426555abefebda0c19fa4", "checksum": "a17ba3c454943b5175071bfe5a4248fe0adc18b993cb66d70945284c4f1544b4"}
{"entity_id": "V-58b87225-92d0-42f7-b50a-d77bbb1b25e6", "action": "AVAILABLE -> IN_USE", "reason": "Rental started", "prev_checksum": "a17ba3c454943b5175071bfe5a4248fe0adc18b993cb66d70945284c4f1544b4", "checksum": "dbcf7900d8617dbaec8f8ef650970492c591b5249b13f6ced5a678f325d4c12d"}
{"entity_id": "V-7f9cfe6a-2f7a-4e26-9a0f-08469a2b4338", "action": "AVAILABLE -> IN_USE", "reason": "Rental started", "prev_checksum": "dbcf7900d8617dbaec8f8ef650970492c591b5249b13f6ced5a678f325d4c12d", "checksum": "7d58fc16be0d63c771855acde42d14c983ea7a9d2ec74dd653f42d3855f836a1"}
{"entity_id": "V-098e7ed0-fec4-4e54-91e8-75d30120e33b", "action": "AVAILABLE -> IN_USE", "reason": "Rental started", "prev_checksum": "7d58fc16be0d63c771855acde42d14c983ea7a9d2ec74dd653f42d3855f836a1", "checksum": "07d6f83a2aac1ce1c670bc372e30aaf973549ad59b11e3c2f022337983442db2"}
{"entity_id": "V-df78c744-b2cf-4866-8483-648c68202e1d", "action": "AVAILABLE -> IN_USE", "reason": "Rental started", "prev_checksum": "07d6f83a2aac1ce1c670bc372e30aaf973549ad59b11e3c2f022337983442db2", "checksum": "f1c7db3de49237285e1d9af556b1dee60fdbaa76f24d78b635808f770f88cceb"}
{"entity_id": "V-050c8918-bf08-4a1b-af46-74fcfaf2279e", "action": "AVAILABLE -> IN_USE", "reason": "Rental started", "prev_checksum": "f1c7db3de49237285e1d9af556b1dee60fdbaa76f24d78b635808f770f88cceb", "checksum": "a682fe88aab3c1a7cd5ee7b17af66d8d49d182323f5c768b61330f69ddca4512"}
{"entity_id": "V-bbd7b02e-c633-4801-a616-76da06875b67", "action": "AVAILABLE -> IN_USE", "reason": "Rental started", "prev_checksum": "a682fe88aab3c1a7cd5ee7b17af66d8d49d182323f5c768b61330f69ddca4512", "checksum": "f4e754ca8bc7d1c4ceb80884168603ebc06bc897a70bd8805e2839559f14bf92"}
{"entity_id": "V-e2768c36-4645-43c1-a8b8-46ef5ec6b5c8", "action": "AVAILABLE -> IN_USE", "reason": "Rental started", "prev_checksum": "f4e754ca8bc7d1c4ceb80884168603ebc06bc897a70bd8805e2839559f14bf92", "checksum": "9f561a29c4475414fa2727568e766f67f443c246fd0b4bca4cf2a4feadaf2b44"}
{"entity_id": "V-5cc90e36-d0ef-4ee3-901f-707e5d0b92d8", "action": "AVAILABLE -> IN_USE", "reason": "Rental started", "prev_checksum": "9f561a29c4475414fa2727568e766f67f443c246fd0b4bca4cf2a4feadaf2b44", "checksum": "b8bb86d8918504572961b81d2b688132806643479936d06605fdee4e370d3229"}
{"entity_id": "V-a385b56c-ff0c-48f3-a163-2be0ab8f7041", "action": "AVAILABLE -> IN_USE", "reason": "Rental started", "prev_checksum": "b8bb86d8918504572961b81d2b688132806643479936d06605fdee4e370d3229", "checksum": "423aaa6a67ec8adace2d02e9d956f9e5a6c430af70d182ebb0f69eeb38602e80"}
{"entity_id": "V-01bfc6f9-553c-478b-9613-08c776fb453c", "action": "AVAILABLE -> IN_USE", "reason": "Rental started", "prev_checksum": "423aaa6a67ec8adace2d02e9d956f9e5a6c430af70d182ebb0f69eeb38602e80", "checksum": "1c4b153da47a46de83711e204a7f0091e6000444d77e45ea19ec87b3cf27178e"}
{"entity_id": "V-4acc0302-1088-4f8c-8965-437732f3953a", "action": "AVAILABLE -> IN_USE", "reason": "Rental started", "prev_checksum": "1c4b153da47a46de83711e204a7f0091e6000444d77e45ea19ec87b3cf27178e", "checksum": "d54f4ce08eac1144c995933ce68ed8922f0ce17d5545f0c53716672df5fe7259"}
{"entity_id": "V-dfc9e086-3d15-4b4a-bf7b-90c713eaad31", "action": "AVAILABLE -> IN_USE", "reason": "Rental started", "prev_checksum": "d54f4ce08eac1144c995933ce68ed8922f0ce17d5545f0c53716672df5fe7259", "checksum": "97cc14fdb0f28339102dc1814f1683eb6e6efd01cc4db652e459d732fcdc8748"}
{"entity_id": "V-1c0187c0-03f2-4a8a-ad21-fa82704a436e", "action": "AVAILABLE -> IN_USE", "reason": "Rental started", "prev_checksum": "97cc14fdb0f28339102dc1814f1683eb6e6efd01cc4db652e459d732fcdc8748", "checksum": "89fe65f7e6d52d31ae1a0aef5178716935892cfa8d52782a0307d5e8e54c44eb"}
{"entity_id": "V-06222bdb-9e7b-4c5f-906f-11b67b925ee8", "action": "AVAILABLE -> IN_USE", "reason": "Rental started", "prev_checksum": "89fe65f7e6d52d31ae1a0aef5178716935892cfa8d52782a0307d5e8e54c44eb", "checksum": "b36058edc185b4ea7bcafa73fff37a263f568cd418959224df9f7d196db96ee3"}
{"entity_id": "V-131bab68-cf27-4050-955d-b3cad8f97dbd", "action": "AVAILABLE -> IN_USE", "reason": "Rental started", "prev_checksum": "b36058edc185b4ea7bcafa73fff37a263f568cd418959224df9f7d196db96ee3", "checksum": "807127db6980f77f0116f4c824120cd281821d88befdddd67796b3f2ff1d10c4"}
{"entity_id": "V-f924a397-e811-438e-a276-b243dfea045e", "action": "AVAILABLE -> IN_USE", "reason": "Rental started", "prev_checksum": "807127db6980f77f0116f4c824120cd281821d88befdddd67796b3f2ff1d10c4", "checksum": "0b519706d7829190339619ebc9b9a22e73d266420aa579d444918dcc985ab17c"}
{"entity_id": "V-b3d95175-22af-46bd-8702-242c72ca5a84", "action": "AVAILABLE -> IN_USE", "reason": "Rental started", "prev_checksum": "0b519706d7829190339619ebc9b9a22e73d266420aa579d444918dcc985ab17c", "checksum": "c18cff6810a016c2a82f696b392b2fa0ff51fadf2c73a65c85822ae4f54da4c0"}
{"entity_id": "V-76abda0b-238e-4b54-8fed-5d96692b361b", "action": "AVAILABLE -> IN_USE", "reason": "Rental started", "prev_checksum": "c18cff6810a016c2a82f696b392b2fa0ff51fadf2c73a65c85822ae4f54da4c0", "checksum": "a58066a633abf7c335e7f1b02dc5b986a5cebbb564ebc711335495ee707ff9c4"}
{"entity_id": "V-066d73b5-dd47-4a81-9398-d6ba853755fa", "action": "AVAILABLE -> IN_USE", "reason": "Rental started", "prev_checksum": "a58066a633abf7c335e7f1b02dc5b986a5cebbb564ebc711335495ee707ff9c4", "checksum": "6d90b1da839ab4e9ad2ba3546e3c76a2e7249a7898688477b30f0d98e9b9749a"}
{"entity_id": "V-d7439bbc-7c72-4417-87d7-5e09c37c7530", "action": "AVAILABLE -> IN_USE", "reason": "Rental started", "prev_checksum": "6d90b1da839ab4e9ad2ba3546e3c76a2e7249a7898688477b30f0d98e9b9749a", "checksum": "a2e76510b8264c2f9275b2e30727da4fd3760846857214fa64922a72bcc1f1d1"}
{"entity_id": "V-0bd80c1d-cf87-46d4-bdb4-7b90e8a28e83", "action": "AVAILABLE -> IN_USE", "reason": "Rental started", "prev_checksum": "a2e76510b8264c2f9275b2e30727da4fd3760846857214fa64922a72bcc1f1d1", "checksum": "0606040f5154613d3b60803ba1ae1bf8a8eecd5c2776327a165ee6ea946a121e"}
{"entity_id": "V-e4edf818-f921-4b71-a119-305d9ca482c7", "action": "AVAILABLE -> IN_USE", "reason": "Rental started", "prev_checksum": "0606040f5154613d3b60803ba1ae1bf8a8eecd5c2776327a165ee6ea946a121e", "checksum": "4d3c5e3d3d7625976b55902bb5918535121299585c81175b0e6f637c576c4e6b"}
{"entity_id": "V-7170d01a-a868-49d0-ab06-80541df05fcb", "action": "AVAILABLE -> IN_USE", "reason": "Rental started", "prev_checksum": "4d3c5e3d3d7625976b55902bb5918535121299585c81175b0e6f637c576c4e6b", "checksum": "28111ad39913619c576fb596da540deef4cd80869a97d469699804d1d0f1e2e3"}
{"entity_id": "V-677f354c-8563-4600-a99c-8762842af7ef", "action": "AVAILABLE -> IN_USE", "reason": "Rental started", "prev_checksum": "28111ad39913619c576fb596da540deef4cd80869a97d469699804d1d0f1e2e3", "checksum": "f006d501d374324bd22c273e7e153def799e119c7622cac3f23b966369ed6514"}
{"entity_id": "V-b7f0eb83-a0b6-43d6-bfe9-592edadbd42e", "action": "AVAILABLE -> IN_USE", "reason": "Rental started", "prev_checksum": "f006d501d374324bd22c273e7e153def799e119c7622cac3f23b966369ed6514", "checksum": "ef13913ad71a96655c8a0c42d9aeacf5824f9057d52021a59f72022b844db2cd"}
{"entity_id": "V-5df2d9e6-3902-4632-801f-8fcf2570f69b", "action": "AVAILABLE -> IN_USE", "reason": "Rental started", "prev_checksum": "ef13913ad71a96655c8a0c42d9aeacf5824f9057d52021a59f72022b844db2cd", "checksum": "e780ee20ce163f665238c20ce6a38aeee2149fbe3c2452b45fa1ee2e2a726e3a"}
{"entity_id": "V-f79b76bb-00d5-4b98-a46f-0f8edd6b20fe", "action": "AVAILABLE -> IN_USE", "reason": "Rental started", "prev_checksum": "e780ee20ce163f665238c20ce6a38aeee2149fbe3c2452b45fa1ee2e2a726e3a", "checksum": "53175145bbe5af42eb0b11de749c805c0f5817848e0799abeda1d65ed196a74d"}
